<?xml version="1.0" encoding="UTF-8"?>
<!-- Generated by org.testng.reporters.JUnitReportReporter -->
<testsuite hostname="TYSS-Arun" failures="0" tests="1" name="com.flipkart.qa.testcases.FetchMenus" time="8.205" errors="0" timestamp="2023-07-22T17:27:42 IST" skipped="0">
  <testcase classname="com.flipkart.qa.testcases.FetchMenus" name="print" time="8.205"/>
  <system-out/>
</testsuite> <!-- com.flipkart.qa.testcases.FetchMenus -->
