<?xml version="1.0" encoding="UTF-8"?>
<!-- Generated by org.testng.reporters.JUnitReportReporter -->
<testsuite hostname="TYSS-Arun" failures="0" tests="1" name="com.zinghr.qa.testcases.ZingHrPunchInTest" time="49.091" errors="0" timestamp="2023-07-27T12:08:04 IST" skipped="0">
  <testcase classname="com.zinghr.qa.testcases.ZingHrPunchInTest" name="punchIn" time="49.091"/>
  <system-out/>
</testsuite> <!-- com.zinghr.qa.testcases.ZingHrPunchInTest -->
